Removed Pin From Net: NetName=GND Pin=C18-N
Removed Pin From Net: NetName=GND Pin=C20-N
Removed Pin From Net: NetName=GND Pin=C24-N
Removed Pin From Net: NetName=GND Pin=C25-N
Removed Pin From Net: NetName=+24 Pin=R16-1
Removed Pin From Net: NetName=GND Pin=R17-1
Removed Pin From Net: NetName=GND Pin=R19-1
Removed Pin From Net: NetName=+12 Pin=R25-2
Removed Pin From Net: NetName=GND Pin=R27-1
Removed Pin From Net: NetName=GND Pin=R29-1
Removed Member From Class: ClassName=Bi_Dir_Circuit Member=C18
Removed Member From Class: ClassName=Bi_Dir_Circuit Member=C20
Removed Member From Class: ClassName=Bi_Dir_Circuit Member=C24
Removed Member From Class: ClassName=Bi_Dir_Circuit Member=C25
Removed Member From Class: ClassName=Bi_Dir_Circuit Member=R16
Removed Member From Class: ClassName=Bi_Dir_Circuit Member=R17
Removed Member From Class: ClassName=Bi_Dir_Circuit Member=R18
Removed Member From Class: ClassName=Bi_Dir_Circuit Member=R19
Removed Member From Class: ClassName=Bi_Dir_Circuit Member=R25
Removed Member From Class: ClassName=Bi_Dir_Circuit Member=R27
Removed Member From Class: ClassName=Bi_Dir_Circuit Member=R28
Removed Member From Class: ClassName=Bi_Dir_Circuit Member=R29
Added Pin To Net: NetName=+24 Pin=J1-1
Added Pin To Net: NetName=+12 Pin=J1-4
Added Pin To Net: NetName=NetJ1_2 Pin=J1-2
Added Pin To Net: NetName=NetJ1_2 Pin=U6-7
Added Net: Name=NetJ1_2
Added Pin To Net: NetName=NetJ1_3 Pin=J1-3
Added Pin To Net: NetName=NetJ1_3 Pin=U5-7
Added Net: Name=NetJ1_3
Added Member To Class: ClassName=Connectors Member=Component  M3 Mounting Hole
Added Member To Class: ClassName=Connectors Member=Component  M3 Mounting Hole
Added Member To Class: ClassName=Connectors Member=Component  M3 Mounting Hole
Added Member To Class: ClassName=Connectors Member=Component  M3 Mounting Hole
Added Member To Class: ClassName=Connectors Member=Component  M3 Mounting Hole
Added Member To Class: ClassName=Connectors Member=Component  M3 Mounting Hole
Added Member To Class: ClassName=Connectors Member=Component  M3 Mounting Hole
