Removed Pin From Net: NetName=+12 Pin=D28-2
Removed Pin From Net: NetName=+24 Pin=D31-1
Removed Pin From Net: NetName=+12 Pin=DS4-1
Removed Pin From Net: NetName=+24 Pin=DS5-1
Removed Pin From Net: NetName=+24 Pin=DS6-1
Removed Pin From Net: NetName=+24 Pin=DS7-1
Removed Pin From Net: NetName=+24 Pin=DS9-1
Removed Pin From Net: NetName=NetJ3_1 Pin=J3-1
Removed Pin From Net: NetName=NetJ3_3 Pin=J3-3
Removed Pin From Net: NetName=+12 Pin=K3-11
Removed Pin From Net: NetName=+12 Pin=K3-12
Removed Pin From Net: NetName=+12 Pin=K3-21
Removed Pin From Net: NetName=+12 Pin=K3-22
Removed Pin From Net: NetName=+24 Pin=K4-14
Removed Pin From Net: NetName=+24 Pin=K4-A1
Removed Pin From Net: NetName=GND Pin=K5-11
Removed Pin From Net: NetName=GND Pin=K5-12
Removed Pin From Net: NetName=GND Pin=K5-21
Removed Pin From Net: NetName=GND Pin=K5-22
Removed Pin From Net: NetName=GND Pin=Q8-3
Removed Pin From Net: NetName=GND Pin=Q9-3
Removed Pin From Net: NetName=GND Pin=Q10-3
Removed Pin From Net: NetName=GND Pin=Q12-3
Removed Pin From Net: NetName=+12 Pin=R32-1
Removed Pin From Net: NetName=GND Pin=R34-2
Removed Pin From Net: NetName=GND Pin=R36-1
Removed Pin From Net: NetName=GND Pin=R38-1
Removed Pin From Net: NetName=GND Pin=R39-2
Removed Pin From Net: NetName=NetJ3_3 Pin=R40-2
Removed Pin From Net: NetName=GND Pin=R41-1
Removed Pin From Net: NetName=NetJ3_3 Pin=R41-2
Removed Pin From Net: NetName=NetJ3_1 Pin=R43-2
Removed Pin From Net: NetName=GND Pin=R45-1
Removed Pin From Net: NetName=NetJ3_1 Pin=R45-2
Removed Member From Class: ClassName=Connectors Member=J7
Change Component Designator: OldDesignator= NewDesignator=1
Change Component Designator: OldDesignator= NewDesignator=2
Change Component Designator: OldDesignator= NewDesignator=3
Change Component Designator: OldDesignator= NewDesignator=4
Change Component Designator: OldDesignator= NewDesignator=5
Change Component Designator: OldDesignator= NewDesignator=6
Change Component Designator: OldDesignator= NewDesignator=7
Change Component Designator: OldDesignator= NewDesignator=8
Change Component Designator: OldDesignator=C3 NewDesignator=C1
Change Component Designator: OldDesignator=C4 NewDesignator=C2
Change Component Designator: OldDesignator=C5 NewDesignator=C3
Change Component Designator: OldDesignator=C6 NewDesignator=C5
Change Component Designator: OldDesignator=C7 NewDesignator=C4
Change Component Designator: OldDesignator=C19 NewDesignator=C6
Change Component Designator: OldDesignator=C21 NewDesignator=C7
Change Component Designator: OldDesignator=C22 NewDesignator=C10
Change Component Designator: OldDesignator=C23 NewDesignator=C11
Change Component Designator: OldDesignator=C28 NewDesignator=C8
Change Component Designator: OldDesignator=C29 NewDesignator=C9
Change Component Designator: OldDesignator=D3 NewDesignator=D1
Change Component Designator: OldDesignator=D5 NewDesignator=D3
Change Component Designator: OldDesignator=D22 NewDesignator=D5
Change Component Designator: OldDesignator=D23 NewDesignator=D6
Change Component Designator: OldDesignator=D24 NewDesignator=D7
Change Component Designator: OldDesignator=D25 NewDesignator=D8
Change Component Designator: OldDesignator=D26 NewDesignator=D9
Change Component Designator: OldDesignator=D27 NewDesignator=D10
Change Component Designator: OldDesignator=J1 NewDesignator=J4
Change Component Designator: OldDesignator=J2 NewDesignator=J1
Change Component Designator: OldDesignator=J4 NewDesignator=J3
Change Component Designator: OldDesignator=J7 NewDesignator=J2
Change Component Designator: OldDesignator=Q6 NewDesignator=Q2
Change Component Designator: OldDesignator=Q7 NewDesignator=Q3
Change Component Designator: OldDesignator=R20 NewDesignator=R2
Change Component Designator: OldDesignator=R21 NewDesignator=R3
Change Component Designator: OldDesignator=R22 NewDesignator=R4
Change Component Designator: OldDesignator=R23 NewDesignator=R5
Change Component Designator: OldDesignator=R24 NewDesignator=R6
Change Component Designator: OldDesignator=R26 NewDesignator=R7
Change Component Designator: OldDesignator=R30 NewDesignator=R8
Change Component Designator: OldDesignator=R31 NewDesignator=R9
Change Component Designator: OldDesignator=U2 NewDesignator=U1
Change Component Designator: OldDesignator=U5 NewDesignator=U2
Change Component Designator: OldDesignator=U6 NewDesignator=U3
Added Pin To Net: NetName=NetJ3_1 Pin=J3-1
Added Pin To Net: NetName=NetJ3_1 Pin=J3-2
Added Pin To Net: NetName=NetJ3_3 Pin=J3-3
Added Pin To Net: NetName=NetJ3_3 Pin=J3-4
Change Net Name : Old Net Name=NetC5_P New Net Name=NetC3_P
Change Net Name : Old Net Name=NetC7_1 New Net Name=NetC4_1
Change Net Name : Old Net Name=NetC7_2 New Net Name=NetC4_2
Change Net Name : Old Net Name=NetC19_2 New Net Name=NetC6_2
Change Net Name : Old Net Name=NetC21_2 New Net Name=NetC7_2
Change Net Name : Old Net Name=NetC22_2 New Net Name=NetC10_2
Change Net Name : Old Net Name=NetC23_2 New Net Name=NetC11_2
Change Net Name : Old Net Name=NetC28_P New Net Name=NetC8_P
Change Net Name : Old Net Name=NetD22_2 New Net Name=NetD5_2
Change Net Name : Old Net Name=NetD24_A New Net Name=NetD7_A
Change Net Name : Old Net Name=NetD24_C New Net Name=NetD7_C
Change Net Name : Old Net Name=NetD25_A New Net Name=NetD8_A
Change Net Name : Old Net Name=NetD25_C New Net Name=NetD8_C
Change Net Name : Old Net Name=NetJ1_2 New Net Name=NetJ4_2
Change Net Name : Old Net Name=NetJ1_3 New Net Name=NetJ4_3
Added Member To Class: ClassName=Connectors Member=Component 2 M3 Mounting Hole
Added Member To Class: ClassName=Connectors Member=Component 3 M3 Mounting Hole
Added Member To Class: ClassName=Connectors Member=Component 4 M3 Mounting Hole
Added Member To Class: ClassName=Connectors Member=Component 5 M3 Mounting Hole
Added Member To Class: ClassName=Connectors Member=Component 6 M3 Mounting Hole
Added Member To Class: ClassName=Connectors Member=Component 7 M3 Mounting Hole
Added Member To Class: ClassName=Connectors Member=Component 8 M3 Mounting Hole
